  MyForm.cpp
c:\users\ffsantos\source\repos\geneticalgorithm\geneticalgorithm\geneticalgorithm\tspgraph.hpp(77): warning C4267: '=': conversion from 'size_t' to 'int', possible loss of data
c:\users\ffsantos\source\repos\geneticalgorithm\geneticalgorithm\geneticalgorithm\myform.h(109): warning C4244: 'argument': conversion from 'time_t' to 'unsigned int', possible loss of data
c:\users\ffsantos\source\repos\geneticalgorithm\geneticalgorithm\geneticalgorithm\myform.h(279): warning C4244: 'return': conversion from 'double' to 'float', possible loss of data
c:\users\ffsantos\source\repos\geneticalgorithm\geneticalgorithm\geneticalgorithm\myform.h(350): warning C4267: 'argument': conversion from 'size_t' to 'int', possible loss of data
c:\users\ffsantos\source\repos\geneticalgorithm\geneticalgorithm\geneticalgorithm\myform.cpp(6): warning C4829: Possibly incorrect parameters to function main. Consider 'int main(Platform::Array<Platform::String^>^ argv)'
c:\program files (x86)\microsoft visual studio\2017\community\vc\tools\msvc\14.16.27023\include\tuple(236): warning C4244: 'initializing': conversion from 'float' to '_Ty', possible loss of data
          with
          [
              _Ty=int
          ]
  c:\program files (x86)\microsoft visual studio\2017\community\vc\tools\msvc\14.16.27023\include\tuple(359): note: see reference to function template instantiation 'std::_Tuple_val<_This>::_Tuple_val<float&>(_Other)' being compiled
          with
          [
              _This=int,
              _Other=float &
          ]
  c:\program files (x86)\microsoft visual studio\2017\community\vc\tools\msvc\14.16.27023\include\tuple(358): note: see reference to function template instantiation 'std::_Tuple_val<_This>::_Tuple_val<float&>(_Other)' being compiled
          with
          [
              _This=int,
              _Other=float &
          ]
  c:\program files (x86)\microsoft visual studio\2017\community\vc\tools\msvc\14.16.27023\include\tuple(359): note: see reference to function template instantiation 'std::tuple<int>::tuple<std::_Exact_args_t,float&,,0>(_Tag,_This2)' being compiled
          with
          [
              _Tag=std::_Exact_args_t,
              _This2=float &
          ]
  c:\program files (x86)\microsoft visual studio\2017\community\vc\tools\msvc\14.16.27023\include\tuple(357): note: see reference to function template instantiation 'std::tuple<int>::tuple<std::_Exact_args_t,float&,,0>(_Tag,_This2)' being compiled
          with
          [
              _Tag=std::_Exact_args_t,
              _This2=float &
          ]
  c:\program files (x86)\microsoft visual studio\2017\community\vc\tools\msvc\14.16.27023\include\tuple(359): note: see reference to function template instantiation 'std::tuple<std::string,int>::tuple<std::_Exact_args_t,_Ty,float&,0>(_Tag,_This2 &&,float &)' being compiled
          with
          [
              _Ty=std::string,
              _Tag=std::_Exact_args_t,
              _This2=std::string
          ]
  c:\program files (x86)\microsoft visual studio\2017\community\vc\tools\msvc\14.16.27023\include\tuple(357): note: see reference to function template instantiation 'std::tuple<std::string,int>::tuple<std::_Exact_args_t,_Ty,float&,0>(_Tag,_This2 &&,float &)' being compiled
          with
          [
              _Ty=std::string,
              _Tag=std::_Exact_args_t,
              _This2=std::string
          ]
  c:\program files (x86)\microsoft visual studio\2017\community\vc\tools\msvc\14.16.27023\include\tuple(469): note: see reference to function template instantiation 'std::tuple<std::string,std::string,int>::tuple<std::_Exact_args_t,_Ty,_Ty,float&,0>(_Tag,_This2 &&,_Ty &&,float &)' being compiled
          with
          [
              _Ty=std::string,
              _Tag=std::_Exact_args_t,
              _This2=std::string
          ]
  c:\program files (x86)\microsoft visual studio\2017\community\vc\tools\msvc\14.16.27023\include\tuple(468): note: see reference to function template instantiation 'std::tuple<std::string,std::string,int>::tuple<std::_Exact_args_t,_Ty,_Ty,float&,0>(_Tag,_This2 &&,_Ty &&,float &)' being compiled
          with
          [
              _Ty=std::string,
              _Tag=std::_Exact_args_t,
              _This2=std::string
          ]
  c:\users\ffsantos\source\repos\geneticalgorithm\geneticalgorithm\geneticalgorithm\myform.h(342): note: see reference to function template instantiation 'std::tuple<std::string,std::string,int>::tuple<std::string,std::string,float&,0>(_This2 &&,std::string &&,float &) noexcept' being compiled
          with
          [
              _This2=std::string
          ]
  c:\users\ffsantos\source\repos\geneticalgorithm\geneticalgorithm\geneticalgorithm\myform.h(342): note: see reference to function template instantiation 'std::tuple<std::string,std::string,int>::tuple<std::string,std::string,float&,0>(_This2 &&,std::string &&,float &) noexcept' being compiled
          with
          [
              _This2=std::string
          ]
  Individuo.obj : MSIL module encountered; incremental linking is disabled for MSIL; performing full link
  GeneticAlgorithm.vcxproj -> C:\Users\FFsantos\source\repos\GeneticAlgorithm\GeneticAlgorithm\x64\Debug\GeneticAlgorithm.exe
